Created by PLY version 3.11 (http://www.dabeaz.com/ply)

Grammar

Rule 0     S' -> expresion
Rule 1     expresion -> NUMERO TIPO FIN

Terminals, with rules where they appear

FIN                  : 1
NUMERO               : 1
TIPO                 : 1
error                : 

Nonterminals, with rules where they appear

expresion            : 0

Parsing method: LALR

state 0

    (0) S' -> . expresion
    (1) expresion -> . NUMERO TIPO FIN

    NUMERO          shift and go to state 2

    expresion                      shift and go to state 1

state 1

    (0) S' -> expresion .



state 2

    (1) expresion -> NUMERO . TIPO FIN

    TIPO            shift and go to state 3


state 3

    (1) expresion -> NUMERO TIPO . FIN

    FIN             shift and go to state 4


state 4

    (1) expresion -> NUMERO TIPO FIN .

    $end            reduce using rule 1 (expresion -> NUMERO TIPO FIN .)

